2015-07-01 01:28:05 [::1][-][-][error][yii\base\InvalidConfigException] exception 'yii\base\InvalidConfigException' with message 'yii\web\Request::cookieValidationKey must be configured with a secret key.' in C:\xampp\htdocs\viva\vendor\yiisoft\yii2\web\Request.php:1212
Stack trace:
#0 C:\xampp\htdocs\viva\vendor\yiisoft\yii2\web\Request.php(1194): yii\web\Request->loadCookies()
#1 C:\xampp\htdocs\viva\vendor\yiisoft\yii2\web\Request.php(1280): yii\web\Request->getCookies()
#2 C:\xampp\htdocs\viva\vendor\yiisoft\yii2\web\Request.php(1259): yii\web\Request->loadCsrfToken()
#3 C:\xampp\htdocs\viva\vendor\yiisoft\yii2\helpers\BaseHtml.php(273): yii\web\Request->getCsrfToken()
#4 C:\xampp\htdocs\viva\views\layouts\main.php(19): yii\helpers\BaseHtml::csrfMetaTags()
#5 C:\xampp\htdocs\viva\vendor\yiisoft\yii2\base\View.php(325): require('C:\\xampp\\htdocs...')
#6 C:\xampp\htdocs\viva\vendor\yiisoft\yii2\base\View.php(247): yii\base\View->renderPhpFile('C:\\xampp\\htdocs...', Array)
#7 C:\xampp\htdocs\viva\vendor\yiisoft\yii2\base\Controller.php(386): yii\base\View->renderFile('C:\\xampp\\htdocs...', Array, Object(app\controllers\SiteController))
#8 C:\xampp\htdocs\viva\vendor\yiisoft\yii2\base\Controller.php(372): yii\base\Controller->renderContent('<div class="sit...')
#9 C:\xampp\htdocs\viva\controllers\SiteController.php(52): yii\base\Controller->render('index')
#10 [internal function]: app\controllers\SiteController->actionIndex()
#11 C:\xampp\htdocs\viva\vendor\yiisoft\yii2\base\InlineAction.php(55): call_user_func_array(Array, Array)
#12 C:\xampp\htdocs\viva\vendor\yiisoft\yii2\base\Controller.php(151): yii\base\InlineAction->runWithParams(Array)
#13 C:\xampp\htdocs\viva\vendor\yiisoft\yii2\base\Module.php(455): yii\base\Controller->runAction('', Array)
#14 C:\xampp\htdocs\viva\vendor\yiisoft\yii2\web\Application.php(84): yii\base\Module->runAction('', Array)
#15 C:\xampp\htdocs\viva\vendor\yiisoft\yii2\base\Application.php(375): yii\web\Application->handleRequest(Object(yii\web\Request))
#16 C:\xampp\htdocs\viva\web\index.php(12): yii\base\Application->run()
#17 {main}
2015-07-01 01:28:04 [::1][-][-][info][application] $_SERVER = [
    'MIBDIRS' => 'C:/xampp/php/extras/mibs'
    'MYSQL_HOME' => '\\xampp\\mysql\\bin'
    'OPENSSL_CONF' => 'C:/xampp/apache/bin/openssl.cnf'
    'PHP_PEAR_SYSCONF_DIR' => '\\xampp\\php'
    'PHPRC' => '\\xampp\\php'
    'TMP' => '\\xampp\\tmp'
    'HTTP_HOST' => 'localhost'
    'HTTP_CONNECTION' => 'keep-alive'
    'HTTP_CACHE_CONTROL' => 'max-age=0'
    'HTTP_ACCEPT' => 'text/html,application/xhtml+xml,application/xml;q=0.9,image/webp,*/*;q=0.8'
    'HTTP_USER_AGENT' => 'Mozilla/5.0 (Windows NT 6.1) AppleWebKit/537.36 (KHTML, like Gecko) Chrome/43.0.2357.130 Safari/537.36'
    'HTTP_ACCEPT_ENCODING' => 'gzip, deflate, sdch'
    'HTTP_ACCEPT_LANGUAGE' => 'pt-BR,pt;q=0.8,en-US;q=0.6,en;q=0.4'
    'PATH' => 'C:\\ProgramData\\Oracle\\Java\\javapath;C:\\Windows\\system32;C:\\Windows;C:\\Windows\\System32\\Wbem;C:\\Windows\\System32\\WindowsPowerShell\\v1.0\\;C:\\Program Files\\Skype\\Phone\\;C:\\starcode\\apache-maven-3.33\\\\bin;C:\\Progra~1\\Java\\jdk1.8.0_45\\jre\\bin;C:\\MinGW\\bin;C:\\GnuWin32\\bin;C:\\Program Files\\TortoiseSVN\\bin'
    'SystemRoot' => 'C:\\Windows'
    'COMSPEC' => 'C:\\Windows\\system32\\cmd.exe'
    'PATHEXT' => '.COM;.EXE;.BAT;.CMD;.VBS;.VBE;.JS;.JSE;.WSF;.WSH;.MSC'
    'WINDIR' => 'C:\\Windows'
    'SERVER_SIGNATURE' => '<address>Apache/2.4.12 (Win32) OpenSSL/1.0.1l PHP/5.6.8 Server at localhost Port 80</address>
'
    'SERVER_SOFTWARE' => 'Apache/2.4.12 (Win32) OpenSSL/1.0.1l PHP/5.6.8'
    'SERVER_NAME' => 'localhost'
    'SERVER_ADDR' => '::1'
    'SERVER_PORT' => '80'
    'REMOTE_ADDR' => '::1'
    'DOCUMENT_ROOT' => 'C:/xampp/htdocs'
    'REQUEST_SCHEME' => 'http'
    'CONTEXT_PREFIX' => ''
    'CONTEXT_DOCUMENT_ROOT' => 'C:/xampp/htdocs'
    'SERVER_ADMIN' => 'postmaster@localhost'
    'SCRIPT_FILENAME' => 'C:/xampp/htdocs/viva/web/index.php'
    'REMOTE_PORT' => '57765'
    'GATEWAY_INTERFACE' => 'CGI/1.1'
    'SERVER_PROTOCOL' => 'HTTP/1.1'
    'REQUEST_METHOD' => 'GET'
    'QUERY_STRING' => ''
    'REQUEST_URI' => '/viva/web/'
    'SCRIPT_NAME' => '/viva/web/index.php'
    'PHP_SELF' => '/viva/web/index.php'
    'REQUEST_TIME_FLOAT' => 1435706884.793
    'REQUEST_TIME' => 1435706884
]
2015-07-01 01:45:45 [-][-][-][error][yii\console\Exception] exception 'yii\base\InvalidRouteException' with message 'Unable to resolve the request "webapp".' in C:\xampp\htdocs\viva\vendor\yiisoft\yii2\base\Module.php:461
Stack trace:
#0 C:\xampp\htdocs\viva\vendor\yiisoft\yii2\console\Application.php(161): yii\base\Module->runAction('webapp', Array)
#1 C:\xampp\htdocs\viva\vendor\yiisoft\yii2\console\Application.php(137): yii\console\Application->runAction('webapp', Array)
#2 C:\xampp\htdocs\viva\vendor\yiisoft\yii2\base\Application.php(375): yii\console\Application->handleRequest(Object(yii\console\Request))
#3 C:\xampp\htdocs\viva\yii(23): yii\base\Application->run()
#4 {main}

Next exception 'yii\console\Exception' with message 'Unknown command "webapp".' in C:\xampp\htdocs\viva\vendor\yiisoft\yii2\console\Application.php:163
Stack trace:
#0 C:\xampp\htdocs\viva\vendor\yiisoft\yii2\console\Application.php(137): yii\console\Application->runAction('webapp', Array)
#1 C:\xampp\htdocs\viva\vendor\yiisoft\yii2\base\Application.php(375): yii\console\Application->handleRequest(Object(yii\console\Request))
#2 C:\xampp\htdocs\viva\yii(23): yii\base\Application->run()
#3 {main}
2015-07-01 01:45:44 [-][-][-][info][application] $_SERVER = [
    'ALLUSERSPROFILE' => 'C:\\ProgramData'
    'APPDATA' => 'C:\\Users\\Jean\\AppData\\Roaming'
    'CommonProgramFiles' => 'C:\\Program Files\\Common Files'
    'COMPUTERNAME' => 'JEAN-PC'
    'ComSpec' => 'C:\\Windows\\system32\\cmd.exe'
    'FP_NO_HOST_CHECK' => 'NO'
    'HOMEDRIVE' => 'C:'
    'HOMEPATH' => '\\Users\\Jean'
    'JAVA_HOME' => 'C:\\Progra~1\\Java\\jdk1.8.0_45\\jre'
    'LOCALAPPDATA' => 'C:\\Users\\Jean\\AppData\\Local'
    'LOGONSERVER' => '\\\\JEAN-PC'
    'M2_HOME' => 'C:\\starcode\\apache-maven-3.33\\'
    'NUMBER_OF_PROCESSORS' => '8'
    'OS' => 'Windows_NT'
    'Path' => 'C:\\ProgramData\\Oracle\\Java\\javapath;C:\\Windows\\system32;C:\\Windows;C:\\Windows\\System32\\Wbem;C:\\Windows\\System32\\WindowsPowerShell\\v1.0\\;C:\\Program Files\\Skype\\Phone\\;C:\\starcode\\apache-maven-3.33\\\\bin;C:\\Progra~1\\Java\\jdk1.8.0_45\\jre\\bin;C:\\MinGW\\bin;C:\\GnuWin32\\bin;C:\\Program Files\\TortoiseSVN\\bin;C:\\xampp\\php\\'
    'PATHEXT' => '.COM;.EXE;.BAT;.CMD;.VBS;.VBE;.JS;.JSE;.WSF;.WSH;.MSC'
    'PHP_COMMAND' => 'php.exe'
    'PROCESSOR_ARCHITECTURE' => 'x86'
    'PROCESSOR_IDENTIFIER' => 'x86 Family 6 Model 42 Stepping 7, GenuineIntel'
    'PROCESSOR_LEVEL' => '6'
    'PROCESSOR_REVISION' => '2a07'
    'ProgramData' => 'C:\\ProgramData'
    'ProgramFiles' => 'C:\\Program Files'
    'PROMPT' => '$P$G'
    'PSModulePath' => 'C:\\Windows\\system32\\WindowsPowerShell\\v1.0\\Modules\\'
    'PUBLIC' => 'C:\\Users\\Public'
    'SESSIONNAME' => 'Console'
    'SystemDrive' => 'C:'
    'SystemRoot' => 'C:\\Windows'
    'TEMP' => 'C:\\Users\\Jean\\AppData\\Local\\Temp'
    'TMP' => 'C:\\Users\\Jean\\AppData\\Local\\Temp'
    'USERDOMAIN' => 'Jean-PC'
    'USERNAME' => 'Jean'
    'USERPROFILE' => 'C:\\Users\\Jean'
    'windir' => 'C:\\Windows'
    'YII_PATH' => 'C:\\xampp\\htdocs\\viva\\'
    'PHP_SELF' => 'C:\\xampp\\htdocs\\viva\\yii'
    'SCRIPT_NAME' => 'C:\\xampp\\htdocs\\viva\\yii'
    'SCRIPT_FILENAME' => 'C:\\xampp\\htdocs\\viva\\yii'
    'PATH_TRANSLATED' => 'C:\\xampp\\htdocs\\viva\\yii'
    'DOCUMENT_ROOT' => ''
    'REQUEST_TIME_FLOAT' => 1435707944.8388
    'REQUEST_TIME' => 1435707944
    'argv' => [
        0 => 'C:\\xampp\\htdocs\\viva\\yii'
        1 => 'webapp'
    ]
    'argc' => 2
]
